{
  "RSpec": {
    "coverage": {
      "/Users/ginafrankel/Projects/tech_tests/spec/account_spec.rb": {
        "lines": [
          null,
          null,
          1,
          null,
          1,
          5,
          1,
          null,
          null,
          null,
          null,
          1,
          1,
          1,
          1,
          1,
          1,
          null,
          null,
          null,
          1,
          1,
          1,
          4,
          1,
          null,
          null,
          1,
          1,
          1,
          1,
          1,
          1,
          1,
          null,
          null,
          1,
          1,
          1,
          1,
          1,
          1,
          1,
          1,
          null,
          null,
          null,
          null,
          null,
          null,
          null,
          null,
          null,
          null,
          null,
          null,
          null,
          null,
          null,
          null
        ]
      },
      "/Users/ginafrankel/Projects/tech_tests/lib/account.rb": {
        "lines": [
          1,
          null,
          1,
          1,
          1,
          null,
          4,
          4,
          null,
          null,
          1,
          4,
          4,
          null,
          null,
          1,
          7,
          7,
          null,
          null,
          1,
          7,
          null,
          null,
          1,
          7,
          null,
          null,
          null,
          null
        ]
      },
      "/Users/ginafrankel/Projects/tech_tests/spec/customer_spec.rb": {
        "lines": [
          1,
          1,
          null,
          1,
          4,
          1,
          1,
          1,
          null,
          1,
          1,
          1,
          1,
          null,
          1,
          1,
          null,
          1,
          1,
          null,
          null,
          null,
          null
        ]
      },
      "/Users/ginafrankel/Projects/tech_tests/lib/customer.rb": {
        "lines": [
          1,
          null,
          1,
          1,
          1,
          7,
          7,
          null,
          1,
          7,
          null,
          null
        ]
      }
    },
    "timestamp": 1589880868
  }
}
