{
  "RSpec": {
    "coverage": {
      "/Users/ginafrankel/Projects/tech_tests/spec/account_spec.rb": {
        "lines": [
          null,
          null,
          1,
          null,
          1,
          9,
          1,
          null,
          1,
          1,
          1,
          1,
          1,
          null,
          1,
          1,
          1,
          1,
          null,
          null,
          null,
          1,
          1,
          1,
          1,
          1,
          1,
          null,
          null,
          1,
          1,
          1,
          2,
          null,
          null,
          null,
          1,
          1,
          1,
          1,
          1,
          1,
          1,
          null,
          null,
          null,
          1,
          1,
          1,
          1,
          4,
          1,
          null,
          null,
          1,
          1,
          1,
          1,
          1,
          1,
          1,
          1,
          null,
          null,
          1,
          1,
          1,
          1,
          1,
          1,
          1,
          1,
          1,
          null,
          null,
          null,
          null,
          null,
          null
        ]
      },
      "/Users/ginafrankel/Projects/tech_tests/lib/account.rb": {
        "lines": [
          1,
          null,
          1,
          1,
          1,
          null,
          8,
          8,
          null,
          null,
          1,
          8,
          8,
          null,
          null,
          1,
          6,
          5,
          null,
          null,
          1,
          6,
          null,
          null,
          1,
          7,
          7,
          null,
          null,
          1,
          7,
          null,
          null,
          1,
          7,
          null,
          null,
          null,
          null
        ]
      },
      "/Users/ginafrankel/Projects/tech_tests/spec/customer_spec.rb": {
        "lines": [
          1,
          1,
          null,
          1,
          4,
          1,
          1,
          1,
          null,
          1,
          1,
          1,
          1,
          null,
          1,
          1,
          null,
          1,
          1,
          null,
          null,
          null,
          null
        ]
      },
      "/Users/ginafrankel/Projects/tech_tests/lib/customer.rb": {
        "lines": [
          1,
          null,
          1,
          1,
          1,
          11,
          11,
          null,
          1,
          11,
          null,
          null
        ]
      }
    },
    "timestamp": 1589844976
  }
}
